
=== Wed Sep 30 20:23:19 2020

Packages were changed.
Update Mode: mergeDefaultDependencies

The following packages were added:
  com.unity.collab-proxy@1.2.16
  com.unity.ide.rider@1.1.4
  com.unity.ide.vscode@1.2.1
  com.unity.modules.ai@1.0.0
  com.unity.modules.androidjni@1.0.0
  com.unity.modules.animation@1.0.0
  com.unity.modules.assetbundle@1.0.0
  com.unity.modules.audio@1.0.0
  com.unity.modules.cloth@1.0.0
  com.unity.modules.director@1.0.0
  com.unity.modules.imageconversion@1.0.0
  com.unity.modules.imgui@1.0.0
  com.unity.modules.jsonserialize@1.0.0
  com.unity.modules.particlesystem@1.0.0
  com.unity.modules.physics@1.0.0
  com.unity.modules.physics2d@1.0.0
  com.unity.modules.screencapture@1.0.0
  com.unity.modules.terrain@1.0.0
  com.unity.modules.terrainphysics@1.0.0
  com.unity.modules.tilemap@1.0.0
  com.unity.modules.ui@1.0.0
  com.unity.modules.uielements@1.0.0
  com.unity.modules.umbra@1.0.0
  com.unity.modules.unityanalytics@1.0.0
  com.unity.modules.unitywebrequest@1.0.0
  com.unity.modules.unitywebrequestassetbundle@1.0.0
  com.unity.modules.unitywebrequestaudio@1.0.0
  com.unity.modules.unitywebrequesttexture@1.0.0
  com.unity.modules.unitywebrequestwww@1.0.0
  com.unity.modules.vehicles@1.0.0
  com.unity.modules.video@1.0.0
  com.unity.modules.vr@1.0.0
  com.unity.modules.wind@1.0.0
  com.unity.modules.xr@1.0.0
  com.unity.test-framework@1.1.16
  com.unity.textmeshpro@2.1.1
  com.unity.timeline@1.2.16
  com.unity.ugui@1.0.0

=== Sun Jan 14 17:43:09 2024

Packages were changed.
Update Mode: updateDependencies

The following packages were added:
  com.unity.ide.visualstudio@2.0.22
  com.unity.ai.navigation@2.0.0
  com.unity.modules.accessibility@1.0.0
The following packages were updated:
  com.unity.collab-proxy from version 1.2.16 to 2.2.0
  com.unity.ide.rider from version 1.1.4 to 3.0.26
  com.unity.render-pipelines.universal from version 7.3.1 to 16.0.4
  com.unity.test-framework from version 1.1.16 to 1.3.9
  com.unity.timeline from version 1.2.16 to 1.8.6
  com.unity.ugui from version 1.0.0 to 2.0.0
  com.unity.xr.arcore from version 4.1.0-preview.5 to 5.1.1
  com.unity.xr.arfoundation from version 4.1.0-preview.5 to 5.1.1
  com.unity.xr.arkit from version 4.1.0-preview.5 to 5.1.1
The following packages were removed:
  com.unity.textmeshpro@2.1.1
